<testsuites name="jest tests" tests="4" failures="4" time="8.178">
  <testsuite name="undefined" errors="0" failures="4" skipped="0" timestamp="2020-10-11T02:02:57" time="8.178" tests="4">
    <testcase classname=" Initial articles render correctly" name=" Initial articles render correctly" time="0.047">
      <failure>Error: expect(received).toHaveLength(expected)

Expected length: 7
Received length: 0
Received array:  []
    at expectArticles (/Users/roshnikutty/Desktop/hackerrank-tests/react-2/ec079757-02ae-4079-b690-5646791f9988/src/App.test.js:83:20)
    at Object.&lt;anonymous&gt; (/Users/roshnikutty/Desktop/hackerrank-tests/react-2/ec079757-02ae-4079-b690-5646791f9988/src/App.test.js:97:3)
    at Object.asyncJestTest (/Users/roshnikutty/Desktop/hackerrank-tests/react-2/ec079757-02ae-4079-b690-5646791f9988/node_modules/jest-jasmine2/build/jasmineAsyncInstall.js:102:37)
    at /Users/roshnikutty/Desktop/hackerrank-tests/react-2/ec079757-02ae-4079-b690-5646791f9988/node_modules/jest-jasmine2/build/queueRunner.js:43:12
    at new Promise (&lt;anonymous&gt;)
    at mapper (/Users/roshnikutty/Desktop/hackerrank-tests/react-2/ec079757-02ae-4079-b690-5646791f9988/node_modules/jest-jasmine2/build/queueRunner.js:26:19)
    at /Users/roshnikutty/Desktop/hackerrank-tests/react-2/ec079757-02ae-4079-b690-5646791f9988/node_modules/jest-jasmine2/build/queueRunner.js:73:41
    at processTicksAndRejections (internal/process/task_queues.js:97:5)</failure>
    </testcase>
    <testcase classname=" Clicking on top renders expected articles" name=" Clicking on top renders expected articles" time="0.018">
      <failure>Error: expect(received).toHaveLength(expected)

Expected length: 7
Received length: 0
Received array:  []
    at expectArticles (/Users/roshnikutty/Desktop/hackerrank-tests/react-2/ec079757-02ae-4079-b690-5646791f9988/src/App.test.js:83:20)
    at Object.&lt;anonymous&gt; (/Users/roshnikutty/Desktop/hackerrank-tests/react-2/ec079757-02ae-4079-b690-5646791f9988/src/App.test.js:107:3)
    at Object.asyncJestTest (/Users/roshnikutty/Desktop/hackerrank-tests/react-2/ec079757-02ae-4079-b690-5646791f9988/node_modules/jest-jasmine2/build/jasmineAsyncInstall.js:102:37)
    at /Users/roshnikutty/Desktop/hackerrank-tests/react-2/ec079757-02ae-4079-b690-5646791f9988/node_modules/jest-jasmine2/build/queueRunner.js:43:12
    at new Promise (&lt;anonymous&gt;)
    at mapper (/Users/roshnikutty/Desktop/hackerrank-tests/react-2/ec079757-02ae-4079-b690-5646791f9988/node_modules/jest-jasmine2/build/queueRunner.js:26:19)
    at /Users/roshnikutty/Desktop/hackerrank-tests/react-2/ec079757-02ae-4079-b690-5646791f9988/node_modules/jest-jasmine2/build/queueRunner.js:73:41
    at processTicksAndRejections (internal/process/task_queues.js:97:5)</failure>
    </testcase>
    <testcase classname=" Clicking on newest renders expected articles" name=" Clicking on newest renders expected articles" time="0.017">
      <failure>Error: expect(received).toHaveLength(expected)

Expected length: 7
Received length: 0
Received array:  []
    at expectArticles (/Users/roshnikutty/Desktop/hackerrank-tests/react-2/ec079757-02ae-4079-b690-5646791f9988/src/App.test.js:83:20)
    at Object.&lt;anonymous&gt; (/Users/roshnikutty/Desktop/hackerrank-tests/react-2/ec079757-02ae-4079-b690-5646791f9988/src/App.test.js:117:3)
    at Object.asyncJestTest (/Users/roshnikutty/Desktop/hackerrank-tests/react-2/ec079757-02ae-4079-b690-5646791f9988/node_modules/jest-jasmine2/build/jasmineAsyncInstall.js:102:37)
    at /Users/roshnikutty/Desktop/hackerrank-tests/react-2/ec079757-02ae-4079-b690-5646791f9988/node_modules/jest-jasmine2/build/queueRunner.js:43:12
    at new Promise (&lt;anonymous&gt;)
    at mapper (/Users/roshnikutty/Desktop/hackerrank-tests/react-2/ec079757-02ae-4079-b690-5646791f9988/node_modules/jest-jasmine2/build/queueRunner.js:26:19)
    at /Users/roshnikutty/Desktop/hackerrank-tests/react-2/ec079757-02ae-4079-b690-5646791f9988/node_modules/jest-jasmine2/build/queueRunner.js:73:41
    at processTicksAndRejections (internal/process/task_queues.js:97:5)</failure>
    </testcase>
    <testcase classname=" Sequence of navigation clicks renders expected artices" name=" Sequence of navigation clicks renders expected artices" time="0.022">
      <failure>Error: expect(received).toHaveLength(expected)

Expected length: 7
Received length: 0
Received array:  []
    at expectArticles (/Users/roshnikutty/Desktop/hackerrank-tests/react-2/ec079757-02ae-4079-b690-5646791f9988/src/App.test.js:83:20)
    at Object.&lt;anonymous&gt; (/Users/roshnikutty/Desktop/hackerrank-tests/react-2/ec079757-02ae-4079-b690-5646791f9988/src/App.test.js:132:5)
    at Object.asyncJestTest (/Users/roshnikutty/Desktop/hackerrank-tests/react-2/ec079757-02ae-4079-b690-5646791f9988/node_modules/jest-jasmine2/build/jasmineAsyncInstall.js:102:37)
    at /Users/roshnikutty/Desktop/hackerrank-tests/react-2/ec079757-02ae-4079-b690-5646791f9988/node_modules/jest-jasmine2/build/queueRunner.js:43:12
    at new Promise (&lt;anonymous&gt;)
    at mapper (/Users/roshnikutty/Desktop/hackerrank-tests/react-2/ec079757-02ae-4079-b690-5646791f9988/node_modules/jest-jasmine2/build/queueRunner.js:26:19)
    at /Users/roshnikutty/Desktop/hackerrank-tests/react-2/ec079757-02ae-4079-b690-5646791f9988/node_modules/jest-jasmine2/build/queueRunner.js:73:41
    at processTicksAndRejections (internal/process/task_queues.js:97:5)</failure>
    </testcase>
  </testsuite>
</testsuites>